Android/CAB - Controle Arduino Bluetooth_FRE/app/build/outputs/mapping/release/mapping.txt
com.example.appbrinquedoopeniot_Free.BluetoothThread -> com.example.appbrinquedoopeniot_Free.a:
    java.util.UUID uuid -> c
    java.lang.String address -> d
    android.bluetooth.BluetoothSocket socket -> a
    java.io.OutputStream outStream -> e
    java.io.InputStream inStream -> f
    android.os.Handler readHandler -> g
    android.os.Handler writeHandler -> b
    java.lang.String rx_buffer -> h
    void <init>(java.lang.String,android.os.Handler) -> <init>
    void disconnect() -> a
    java.lang.String read() -> b
    void sendToReadHandler(java.lang.String) -> a
    void parseMessages() -> c
    void run() -> run
    void access$000(com.example.appbrinquedoopeniot_Free.BluetoothThread,java.lang.String) -> a
    void <clinit>() -> <clinit>
com.example.appbrinquedoopeniot_Free.BluetoothThread$1 -> com.example.appbrinquedoopeniot_Free.a$1:
    com.example.appbrinquedoopeniot_Free.BluetoothThread this$0 -> a
    void <init>(com.example.appbrinquedoopeniot_Free.BluetoothThread) -> <init>
    void handleMessage(android.os.Message) -> handleMessage
com.example.appbrinquedoopeniot_Free.InfoFragment -> com.example.appbrinquedoopeniot_Free.InfoFragment:
    android.widget.Button googleBtn -> ai
    android.widget.Button googlePlayBtn -> aj
    android.widget.Button facebookBtn -> ak
    void <init>() -> <init>
    android.view.View onCreateView$469ccb8a(android.view.LayoutInflater,android.view.ViewGroup) -> a
com.example.appbrinquedoopeniot_Free.InfoFragment$chamarPagina -> com.example.appbrinquedoopeniot_Free.InfoFragment$a:
    java.lang.String link -> a
    java.lang.String mensagem -> b
    com.example.appbrinquedoopeniot_Free.InfoFragment this$0 -> c
    void <init>(com.example.appbrinquedoopeniot_Free.InfoFragment,java.lang.String,java.lang.String) -> <init>
    void onClick(android.view.View) -> onClick
com.example.appbrinquedoopeniot_Free.MainActivity -> com.example.appbrinquedoopeniot_Free.MainActivity:
    java.lang.String frente -> l
    java.lang.String direita -> m
    java.lang.String esquerda -> n
    java.lang.String tras -> o
    java.lang.String x -> p
    java.lang.String y -> q
    java.lang.String z -> r
    java.lang.String a -> s
    java.lang.String b -> t
    java.lang.String c -> u
    java.lang.String conteudoAVoltar -> v
    android.widget.Button btnConectar -> w
    android.widget.Button btnFrente -> x
    android.widget.Button btnDireita -> y
    android.widget.Button btnEsquerda -> z
    android.widget.Button btnTras -> A
    android.widget.Button btn1 -> B
    android.widget.Button btn2 -> C
    android.widget.Button btn3 -> D
    android.widget.Button btn4 -> E
    android.widget.Button btn5 -> F
    android.widget.Button btn6 -> G
    android.view.View dados -> H
    android.support.v4.app.FragmentManager fm -> I
    android.content.Intent Value_Bottons -> J
    com.example.appbrinquedoopeniot_Free.BluetoothThread btt -> K
    android.os.Handler writeHandler -> L
    java.util.List txtsArduino -> M
    android.bluetooth.BluetoothAdapter bluetoothPadrao -> O
    boolean imprimir -> N
    android.view.MenuItem btiMostrarDados -> P
    boolean mostrarDados -> Q
    void <init>() -> <init>
    void onCreate(android.os.Bundle) -> onCreate
    void listaDeDispositivos() -> c
    void interromperBluetooth() -> d
com.example.appbrinquedoopeniot_Free.MainActivity$1 -> com.example.appbrinquedoopeniot_Free.MainActivity$1:
    com.example.appbrinquedoopeniot_Free.MainActivity this$0 -> a
    void <init>(com.example.appbrinquedoopeniot_Free.MainActivity) -> <init>
    void handleMessage(android.os.Message) -> handleMessage
com.example.appbrinquedoopeniot_Free.MainActivity$2 -> com.example.appbrinquedoopeniot_Free.MainActivity$2:
    java.lang.String val$mensagem -> a
    com.example.appbrinquedoopeniot_Free.MainActivity this$0 -> b
    void <init>(com.example.appbrinquedoopeniot_Free.MainActivity,java.lang.String) -> <init>
    void run() -> run
...
android.support.v7.widget.ListPopupWindow$PopupDataSetObserver -> android.support.v7.widget.t$d:
    android.support.v7.widget.ListPopupWindow this$0 -> a
    void <init>(android.support.v7.widget.ListPopupWindow) -> <init>
    void onChanged() -> onChanged
    void onInvalidated() -> onInvalidated
    void <init>(android.support.v7.widget.ListPopupWindow,byte) -> <init>
android.support.v7.widget.ListPopupWindow$PopupScrollListener -> android.support.v7.widget.t$e:
    android.support.v7.widget.ListPopupWindow this$0 -> a
    void <init>(android.support.v7.widget.ListPopupWindow) -> <init>
    void onScroll(android.widget.AbsListView,int,int,int) -> onScroll
    void onScrollStateChanged(android.widget.AbsListView,int) -> onScrollStateChanged
    void <init>(android.support.v7.widget.ListPopupWindow,byte) -> <init>
android.support.v7.widget.ListPopupWindow$PopupTouchInterceptor -> android.support.v7.widget.t$f:
    android.support.v7.widget.ListPopupWindow this$0 -> a
    void <init>(android.support.v7.widget.ListPopupWindow) -> <init>
    boolean onTouch(android.view.View,android.view.MotionEvent) -> onTouch
    void <init>(android.support.v7.widget.ListPopupWindow,byte) -> <init>
android.support.v7.widget.ListPopupWindow$ResizePopupRunnable -> android.support.v7.widget.t$g:
    android.support.v7.widget.ListPopupWindow this$0 -> a
    void <init>(android.support.v7.widget.ListPopupWindow) -> <init>
    void run() -> run
    void <init>(android.support.v7.widget.ListPopupWindow,byte) -> <init>
android.support.v7.widget.ListViewCompat -> android.support.v7.widget.u:
    int[] STATE_SET_NOTHING -> h
    android.graphics.Rect mSelectorRect -> a
    int mSelectionLeftPadding -> b
    int mSelectionTopPadding -> c
    int mSelectionRightPadding -> d
    int mSelectionBottomPadding -> e
    int mMotionPosition -> f
    java.lang.reflect.Field mIsChildViewEnabled -> g
    android.support.v7.widget.ListViewCompat$GateKeeperDrawable mSelector -> i
    void <init>(android.content.Context,int) -> <init>
    void setSelector(android.graphics.drawable.Drawable) -> setSelector
    void drawableStateChanged() -> drawableStateChanged
    void dispatchDraw(android.graphics.Canvas) -> dispatchDraw
    boolean onTouchEvent(android.view.MotionEvent) -> onTouchEvent
    boolean touchModeDrawsInPressedStateCompat() -> a
    int measureHeightOfChildrenCompat$2e71581f$4868d301(int,int) -> a
    void setSelectorEnabled(boolean) -> setSelectorEnabled
    void <clinit>() -> <clinit>
android.support.v7.widget.ListViewCompat$GateKeeperDrawable -> android.support.v7.widget.u$a:
    boolean mEnabled -> b
    void <init>(android.graphics.drawable.Drawable) -> <init>
    boolean setState(int[]) -> setState
    void draw(android.graphics.Canvas) -> draw
    void setHotspot(float,float) -> setHotspot
    void setHotspotBounds(int,int,int,int) -> setHotspotBounds
    boolean setVisible(boolean,boolean) -> setVisible