Android/CAB - Controle Arduino Bluetooth_FRE/app/build/outputs/mapping/release/usage.txt
com.example.appbrinquedoopeniot_Free.BluetoothThread:
    private static final java.lang.String TAG
    private static final char DELIMITER
    private static final char DELIMITER2
com.example.appbrinquedoopeniot_Free.BuildConfig
com.example.appbrinquedoopeniot_Free.InfoFragment:
    private static final java.lang.String linkFacebook
    private static final java.lang.String linkGmail
    private static final java.lang.String linkGooglePlay
com.example.appbrinquedoopeniot_Free.MainActivity:
    public static final java.lang.String PREFS_NAME
    private static final int REQUEST_ENABLE_BT
    public static final int SELECT_PAIRED_DEVICE
    public static final int VALORES
    456:462:public void showText(java.lang.String,android.widget.TextView)
    482:482:public java.lang.String caracterFinal()
com.example.appbrinquedoopeniot_Free.MainActivity$3
com.example.appbrinquedoopeniot_Free.R
com.example.appbrinquedoopeniot_Free.R$anim
com.example.appbrinquedoopeniot_Free.R$attr
com.example.appbrinquedoopeniot_Free.R$bool
com.example.appbrinquedoopeniot_Free.R$color
com.example.appbrinquedoopeniot_Free.R$dimen
com.example.appbrinquedoopeniot_Free.R$drawable
com.example.appbrinquedoopeniot_Free.R$id
com.example.appbrinquedoopeniot_Free.R$integer
com.example.appbrinquedoopeniot_Free.R$layout
com.example.appbrinquedoopeniot_Free.R$menu
com.example.appbrinquedoopeniot_Free.R$string
com.example.appbrinquedoopeniot_Free.R$style
com.example.appbrinquedoopeniot_Free.R$styleable
com.example.appbrinquedoopeniot_Free.Values_bottons:
    public static final java.lang.String PREFS_NAME
    public static final int VALORES
...
android.support.v7.app.AlertController$ButtonHandler
android.support.v7.app.AlertController$CheckedItemAdapter
android.support.v7.app.AlertDialog
android.support.v7.app.AlertDialog$Builder
android.support.v7.app.AppCompatActivity
android.support.v7.app.AppCompatCallback
android.support.v7.app.AppCompatDelegate:
    static final java.lang.String TAG
    public static final int MODE_NIGHT_NO
    public static final int MODE_NIGHT_YES
    public static final int MODE_NIGHT_AUTO
    public static final int MODE_NIGHT_FOLLOW_SYSTEM
    static final int MODE_NIGHT_UNSPECIFIED
    public static final int FEATURE_SUPPORT_ACTION_BAR
    public static final int FEATURE_SUPPORT_ACTION_BAR_OVERLAY
    public static final int FEATURE_ACTION_MODE_OVERLAY
    172:172:public static android.support.v7.app.AppCompatDelegate create(android.app.Activity,android.support.v7.app.AppCompatCallback)
    181:181:public static android.support.v7.app.AppCompatDelegate create(android.app.Dialog,android.support.v7.app.AppCompatCallback)
    186:194:private static android.support.v7.app.AppCompatDelegate create(android.content.Context,android.view.Window,android.support.v7.app.AppCompatCallback)
    201:201:AppCompatDelegate()
    public abstract android.support.v7.app.ActionBar getSupportActionBar()
    public abstract void setSupportActionBar(android.support.v7.widget.Toolbar)
    public abstract android.view.MenuInflater getMenuInflater()
    public abstract void onCreate(android.os.Bundle)
    public abstract void onPostCreate(android.os.Bundle)
    public abstract void onConfigurationChanged(android.content.res.Configuration)
    public abstract void onStop()
    public abstract void onPostResume()
    public abstract android.view.View findViewById(int)
android.support.v7.app.AppCompatDelegate$NightMode
android.support.v7.app.AppCompatDelegateImplBase
android.support.v7.app.AppCompatDelegateImplBase$1
android.support.v7.app.AppCompatDelegateImplBase$ActionBarDrawableToggleImpl
android.support.v7.app.AppCompatDelegateImplBase$AppCompatWindowCallbackBase
android.support.v7.app.AppCompatDelegateImplV11
android.support.v7.app.AppCompatDelegateImplV14
android.support.v7.app.AppCompatDelegateImplV14$AppCompatWindowCallbackV14
android.support.v7.app.AppCompatDelegateImplV23
android.support.v7.app.AppCompatDelegateImplV23$AppCompatWindowCallbackV23
android.support.v7.app.AppCompatDelegateImplV7
android.support.v7.app.AppCompatDelegateImplV7$1
android.support.v7.app.AppCompatDelegateImplV7$2
android.support.v7.app.AppCompatDelegateImplV7$3
android.support.v7.app.AppCompatDelegateImplV7$4
android.support.v7.app.AppCompatDelegateImplV7$5
android.support.v7.app.AppCompatDelegateImplV7$5$1
android.support.v7.app.AppCompatDelegateImplV7$6
android.support.v7.app.AppCompatDelegateImplV7$ActionMenuPresenterCallback
android.support.v7.app.AppCompatDelegateImplV7$ActionModeCallbackWrapperV7
android.support.v7.app.AppCompatDelegateImplV7$ActionModeCallbackWrapperV7$1
android.support.v7.app.AppCompatDelegateImplV7$ListMenuDecorView
android.support.v7.app.AppCompatDelegateImplV7$PanelFeatureState
android.support.v7.app.AppCompatDelegateImplV7$PanelFeatureState$SavedState
android.support.v7.app.AppCompatDelegateImplV7$PanelFeatureState$SavedState$1
android.support.v7.app.AppCompatDelegateImplV7$PanelMenuPresenterCallback
android.support.v7.app.AppCompatDialog
android.support.v7.app.AppCompatDialogFragment
android.support.v7.app.AppCompatViewInflater
android.support.v7.app.AppCompatViewInflater$DeclaredOnClickListener
android.support.v7.app.NavItemSelectedListener
android.support.v7.app.NotificationCompat
android.support.v7.app.NotificationCompat$1
android.support.v7.app.NotificationCompat$Builder
android.support.v7.app.NotificationCompat$IceCreamSandwichExtender
android.support.v7.app.NotificationCompat$JellybeanExtender
android.support.v7.app.NotificationCompat$LollipopExtender
android.support.v7.app.NotificationCompat$MediaStyle